<?xml version="1.0" encoding="UTF-8"?>
<testng-results total="1" passed="1" failed="0" skipped="0">
  <reporter-output>
  </reporter-output>
  <suite started-at="2021-01-11T12:15:23Z" name="Default suite" finished-at="2021-01-11T12:16:08Z" duration-ms="45424">
    <groups>
      <group name="cucumber">
        <method signature="AbstractTestNGCucumberTests.feature(cucumber.api.testng.CucumberFeatureWrapper)[pri:0, instance:CucumberTest.TestRunner@2df3b89c]" name="feature" class="cucumber.api.testng.AbstractTestNGCucumberTests"/>
      </group> <!-- cucumber -->
    </groups>
    <test started-at="2021-01-11T12:15:23Z" name="Default test" finished-at="2021-01-11T12:16:08Z" duration-ms="45424">
      <class name="CucumberTest.TestRunner">
        <test-method is-config="true" signature="setUpClass()[pri:0, instance:CucumberTest.TestRunner@2df3b89c]" started-at="2021-01-11T17:45:23Z" name="setUpClass" finished-at="2021-01-11T17:45:25Z" duration-ms="2059" status="PASS">
          <reporter-output>
          </reporter-output>
        </test-method> <!-- setUpClass -->
        <test-method signature="feature(cucumber.api.testng.CucumberFeatureWrapper)[pri:0, instance:CucumberTest.TestRunner@2df3b89c]" started-at="2021-01-11T17:45:26Z" name="feature" description="Runs Cucumber Feature" data-provider="features" finished-at="2021-01-11T17:46:08Z" duration-ms="42604" status="PASS">
          <params>
            <param index="0">
              <value>
                <![CDATA[Register Functionality]]>
              </value>
            </param>
          </params>
          <reporter-output>
          </reporter-output>
        </test-method> <!-- feature -->
        <test-method is-config="true" signature="tearDownClass()[pri:0, instance:CucumberTest.TestRunner@2df3b89c]" started-at="2021-01-11T17:46:08Z" name="tearDownClass" finished-at="2021-01-11T17:46:08Z" duration-ms="166" status="PASS">
          <reporter-output>
          </reporter-output>
        </test-method> <!-- tearDownClass -->
      </class> <!-- CucumberTest.TestRunner -->
    </test> <!-- Default test -->
  </suite> <!-- Default suite -->
</testng-results>
